Payload: 
GitHub Signature: 
Local Signature: sha1=88e8842467292f3952d9849e0b1e0068e9e0fb5b
Payload: 
GitHub Signature: 
Local Signature: sha1=88e8842467292f3952d9849e0b1e0068e9e0fb5b
Payload: 
GitHub Signature: 
Local Signature: sha1=88e8842467292f3952d9849e0b1e0068e9e0fb5b
Payload: 
GitHub Signature: 
Local Signature: sha1=88e8842467292f3952d9849e0b1e0068e9e0fb5b
Received GitHub Signature: 
Generated Local Signature: sha1=88e8842467292f3952d9849e0b1e0068e9e0fb5b
Received GitHub Signature: sha1=f45ee9f662fa2534bf3d41da865827cae404728c
Generated Local Signature: sha1=f45ee9f662fa2534bf3d41da865827cae404728c
Received GitHub Signature: sha1=88e8842467292f3952d9849e0b1e0068e9e0fb5b
Generated Local Signature: sha1=915ce89de6231ee1884c025507a3db1a8784e966
Received GitHub Signature: sha1=88e8842467292f3952d9849e0b1e0068e9e0fb5b
Generated Local Signature: sha1=915ce89de6231ee1884c025507a3db1a8784e966
Received GitHub Signature: sha1=88e8842467292f3952d9849e0b1e0068e9e0fb5b
Generated Local Signature: sha1=915ce89de6231ee1884c025507a3db1a8784e966
Received GitHub Signature: B6843E0D3EBA394B
Generated Local Signature: sha1=915ce89de6231ee1884c025507a3db1a8784e966
Received GitHub Signature: sha1=7c63002b24f5e597df3972f6ed974d1246564c07
Generated Local Signature: sha1=f1be8f777ae1805bb1006bdabae10c1521881237
Received GitHub Signature: sha1=7c63002b24f5e597df3972f6ed974d1246564c07
Generated Local Signature: sha1=f1be8f777ae1805bb1006bdabae10c1521881237
Received GitHub Signature: sha1=cc6992fcb22a180e96922b6280124ebe55445fa2
Generated Local Signature: sha1=cc6992fcb22a180e96922b6280124ebe55445fa2
Running shell command
Received GitHub Signature: sha1=66d91dce3eb7f58fc6f7eecc82b96c8f36e53be5
Generated Local Signature: sha1=66d91dce3eb7f58fc6f7eecc82b96c8f36e53be5
Running shell command
Received GitHub Signature: sha1=2c2160cee75305e934954fe50d7234ad8878e829
Generated Local Signature: sha1=2c2160cee75305e934954fe50d7234ad8878e829
Running shell command
Received GitHub Signature: sha1=926a08aa9a5b0c010031fce1e48f5fb8dd4428cc
Generated Local Signature: sha1=926a08aa9a5b0c010031fce1e48f5fb8dd4428cc
Running shell command
